0 info it worked if it ends with ok
1 verbose cli [ 'C:\\Program Files\\nodejs\\node.exe',
1 verbose cli   'C:\\Program Files\\nodejs\\node_modules\\npm\\bin\\npm-cli.js',
1 verbose cli   'start' ]
2 info using npm@3.10.9
3 info using node@v6.9.2
4 verbose run-script [ 'prestart', 'start', 'poststart' ]
5 info lifecycle angular-seed@0.0.0~prestart: angular-seed@0.0.0
6 verbose lifecycle angular-seed@0.0.0~prestart: unsafe-perm in lifecycle true
7 verbose lifecycle angular-seed@0.0.0~prestart: PATH: C:\Program Files\nodejs\node_modules\npm\bin\node-gyp-bin;C:\!web-dev\Projects\NXT_Utility_Joey\node_modules\.bin;C:\Users\Joey\bin;C:\Program Files\Git\mingw64\bin;C:\Program Files\Git\usr\local\bin;C:\Program Files\Git\usr\bin;C:\Program Files\Git\usr\bin;C:\Program Files\Git\mingw64\bin;C:\Program Files\Git\usr\bin;C:\Users\Joey\bin;C:\Program Files\Java\jdk1.8.0_05\bin;C:\Program Files (x86)\Intel\iCLS Client;C:\Program Files\Intel\iCLS Client;C:\Windows\system32;C:\Windows;C:\Windows\System32\Wbem;C:\Windows\System32\WindowsPowerShell\v1.0;C:\Strawberry\c\bin;C:\Strawberry\perl\site\bin;C:\Strawberry\perl\bin;C:\Program Files\Microsoft\Web Platform Installer;C:\Program Files (x86)\Skype\Phone;C:\Program Files (x86)\NVIDIA Corporation\PhysX\Common;C:\dev\php-7;C:\ProgramData\ComposerSetup\bin;C:\Program Files\nodejs;C:\Windows\system32\config\systemprofile\.dnx\bin;C:\Program Files\Microsoft DNX\Dnvm;C:\Program Files (x86)\Windows Kits\8.1\Windows Performance Toolkit;C:\Program Files\Git\cmd;C:\Program Files (x86)\Brackets\command;C:\Users\Joey\AppData\Roaming\Composer\vendor\bin;C:\Users\Joey\AppData\Roaming\npm;C:\Program Files\nodejs;C:\Program Files\Git\usr\bin\vendor_perl;C:\Program Files\Git\usr\bin\core_perl
8 verbose lifecycle angular-seed@0.0.0~prestart: CWD: C:\!web-dev\Projects\NXT_Utility_Joey
9 silly lifecycle angular-seed@0.0.0~prestart: Args: [ '/d /s /c', 'npm install' ]
10 silly lifecycle angular-seed@0.0.0~prestart: Returned: code: 0  signal: null
11 info lifecycle angular-seed@0.0.0~start: angular-seed@0.0.0
12 verbose lifecycle angular-seed@0.0.0~start: unsafe-perm in lifecycle true
13 verbose lifecycle angular-seed@0.0.0~start: PATH: C:\Program Files\nodejs\node_modules\npm\bin\node-gyp-bin;C:\!web-dev\Projects\NXT_Utility_Joey\node_modules\.bin;C:\Users\Joey\bin;C:\Program Files\Git\mingw64\bin;C:\Program Files\Git\usr\local\bin;C:\Program Files\Git\usr\bin;C:\Program Files\Git\usr\bin;C:\Program Files\Git\mingw64\bin;C:\Program Files\Git\usr\bin;C:\Users\Joey\bin;C:\Program Files\Java\jdk1.8.0_05\bin;C:\Program Files (x86)\Intel\iCLS Client;C:\Program Files\Intel\iCLS Client;C:\Windows\system32;C:\Windows;C:\Windows\System32\Wbem;C:\Windows\System32\WindowsPowerShell\v1.0;C:\Strawberry\c\bin;C:\Strawberry\perl\site\bin;C:\Strawberry\perl\bin;C:\Program Files\Microsoft\Web Platform Installer;C:\Program Files (x86)\Skype\Phone;C:\Program Files (x86)\NVIDIA Corporation\PhysX\Common;C:\dev\php-7;C:\ProgramData\ComposerSetup\bin;C:\Program Files\nodejs;C:\Windows\system32\config\systemprofile\.dnx\bin;C:\Program Files\Microsoft DNX\Dnvm;C:\Program Files (x86)\Windows Kits\8.1\Windows Performance Toolkit;C:\Program Files\Git\cmd;C:\Program Files (x86)\Brackets\command;C:\Users\Joey\AppData\Roaming\Composer\vendor\bin;C:\Users\Joey\AppData\Roaming\npm;C:\Program Files\nodejs;C:\Program Files\Git\usr\bin\vendor_perl;C:\Program Files\Git\usr\bin\core_perl
14 verbose lifecycle angular-seed@0.0.0~start: CWD: C:\!web-dev\Projects\NXT_Utility_Joey
15 silly lifecycle angular-seed@0.0.0~start: Args: [ '/d /s /c', 'http-server -a localhost -p 8000 -c-1 ./app' ]
16 silly lifecycle angular-seed@0.0.0~start: Returned: code: 3221225786  signal: null
17 info lifecycle angular-seed@0.0.0~start: Failed to exec start script
18 verbose stack Error: angular-seed@0.0.0 start: `http-server -a localhost -p 8000 -c-1 ./app`
18 verbose stack Exit status 3221225786
18 verbose stack     at EventEmitter.<anonymous> (C:\Program Files\nodejs\node_modules\npm\lib\utils\lifecycle.js:255:16)
18 verbose stack     at emitTwo (events.js:106:13)
18 verbose stack     at EventEmitter.emit (events.js:191:7)
18 verbose stack     at ChildProcess.<anonymous> (C:\Program Files\nodejs\node_modules\npm\lib\utils\spawn.js:40:14)
18 verbose stack     at emitTwo (events.js:106:13)
18 verbose stack     at ChildProcess.emit (events.js:191:7)
18 verbose stack     at maybeClose (internal/child_process.js:877:16)
18 verbose stack     at Process.ChildProcess._handle.onexit (internal/child_process.js:226:5)
19 verbose pkgid angular-seed@0.0.0
20 verbose cwd C:\!web-dev\Projects\NXT_Utility_Joey
21 error Windows_NT 6.1.7601
22 error argv "C:\\Program Files\\nodejs\\node.exe" "C:\\Program Files\\nodejs\\node_modules\\npm\\bin\\npm-cli.js" "start"
23 error node v6.9.2
24 error npm  v3.10.9
25 error code ELIFECYCLE
26 error angular-seed@0.0.0 start: `http-server -a localhost -p 8000 -c-1 ./app`
26 error Exit status 3221225786
27 error Failed at the angular-seed@0.0.0 start script 'http-server -a localhost -p 8000 -c-1 ./app'.
27 error Make sure you have the latest version of node.js and npm installed.
27 error If you do, this is most likely a problem with the angular-seed package,
27 error not with npm itself.
27 error Tell the author that this fails on your system:
27 error     http-server -a localhost -p 8000 -c-1 ./app
27 error You can get information on how to open an issue for this project with:
27 error     npm bugs angular-seed
27 error Or if that isn't available, you can get their info via:
27 error     npm owner ls angular-seed
27 error There is likely additional logging output above.
28 verbose exit [ 1, true ]
